Traceback (most recent call last):
  File "/ytech_m2v4_hdd/mengzijie/nips-text2subspace/scripts/train_domain_lora.py", line 15, in <module>
    from trl import SFTConfig, SFTTrainer
ModuleNotFoundError: No module named 'trl'
Traceback (most recent call last):
  File "/ytech_m2v4_hdd/mengzijie/nips-text2subspace/scripts/train_domain_lora.py", line 15, in <module>
    from trl import SFTConfig, SFTTrainer
ModuleNotFoundError: No module named 'trl'
W0322 22:27:07.619000 14277 torch/distributed/elastic/multiprocessing/api.py:1010] Sending process 14401 closing signal SIGTERM
W0322 22:27:07.621000 14277 torch/distributed/elastic/multiprocessing/api.py:1010] Sending process 14402 closing signal SIGTERM
W0322 22:27:07.622000 14277 torch/distributed/elastic/multiprocessing/api.py:1010] Sending process 14403 closing signal SIGTERM
W0322 22:27:07.623000 14277 torch/distributed/elastic/multiprocessing/api.py:1010] Sending process 14404 closing signal SIGTERM
W0322 22:27:07.624000 14277 torch/distributed/elastic/multiprocessing/api.py:1010] Sending process 14405 closing signal SIGTERM
W0322 22:27:07.624000 14277 torch/distributed/elastic/multiprocessing/api.py:1010] Sending process 14406 closing signal SIGTERM
W0322 22:27:07.625000 14277 torch/distributed/elastic/multiprocessing/api.py:1010] Sending process 14407 closing signal SIGTERM
E0322 22:27:07.755000 14277 torch/distributed/elastic/multiprocessing/api.py:984] failed (exitcode: 1) local_rank: 0 (pid: 14400) of binary: /ytech_m2v4_hdd/mengzijie/nips-text2subspace/.venv/bin/python3
Traceback (most recent call last):
  File "/ytech_m2v4_hdd/mengzijie/nips-text2subspace/.venv/bin/torchrun", line 10, in <module>
    sys.exit(main())
  File "/ytech_m2v4_hdd/mengzijie/nips-text2subspace/.venv/lib/python3.10/site-packages/torch/distributed/elastic/multiprocessing/errors/__init__.py", line 362, in wrapper
    return f(*args, **kwargs)
  File "/ytech_m2v4_hdd/mengzijie/nips-text2subspace/.venv/lib/python3.10/site-packages/torch/distributed/run.py", line 991, in main
    run(args)
  File "/ytech_m2v4_hdd/mengzijie/nips-text2subspace/.venv/lib/python3.10/site-packages/torch/distributed/run.py", line 982, in run
    elastic_launch(
  File "/ytech_m2v4_hdd/mengzijie/nips-text2subspace/.venv/lib/python3.10/site-packages/torch/distributed/launcher/api.py", line 170, in __call__
    return launch_agent(self._config, self._entrypoint, list(args))
  File "/ytech_m2v4_hdd/mengzijie/nips-text2subspace/.venv/lib/python3.10/site-packages/torch/distributed/launcher/api.py", line 317, in launch_agent
    raise ChildFailedError(
torch.distributed.elastic.multiprocessing.errors.ChildFailedError: 
============================================================
/ytech_m2v4_hdd/mengzijie/nips-text2subspace/scripts/train_domain_lora.py FAILED
------------------------------------------------------------
Failures:
[1]:
  time      : 2026-03-22_22:27:07
  host      : aiplatform-wlf2-ge20-5.idchb2az2.hb2.kwaidc.com
  rank      : 1 (local_rank: 1)
  exitcode  : -15 (pid: 14401)
  error_file: <N/A>
  traceback : Signal 15 (SIGTERM) received by PID 14401
[2]:
  time      : 2026-03-22_22:27:07
  host      : aiplatform-wlf2-ge20-5.idchb2az2.hb2.kwaidc.com
  rank      : 2 (local_rank: 2)
  exitcode  : -15 (pid: 14402)
  error_file: <N/A>
  traceback : Signal 15 (SIGTERM) received by PID 14402
[3]:
  time      : 2026-03-22_22:27:07
  host      : aiplatform-wlf2-ge20-5.idchb2az2.hb2.kwaidc.com
  rank      : 3 (local_rank: 3)
  exitcode  : -15 (pid: 14403)
  error_file: <N/A>
  traceback : Signal 15 (SIGTERM) received by PID 14403
[4]:
  time      : 2026-03-22_22:27:07
  host      : aiplatform-wlf2-ge20-5.idchb2az2.hb2.kwaidc.com
  rank      : 4 (local_rank: 4)
  exitcode  : -15 (pid: 14404)
  error_file: <N/A>
  traceback : Signal 15 (SIGTERM) received by PID 14404
[5]:
  time      : 2026-03-22_22:27:07
  host      : aiplatform-wlf2-ge20-5.idchb2az2.hb2.kwaidc.com
  rank      : 5 (local_rank: 5)
  exitcode  : -15 (pid: 14405)
  error_file: <N/A>
  traceback : Signal 15 (SIGTERM) received by PID 14405
[6]:
  time      : 2026-03-22_22:27:07
  host      : aiplatform-wlf2-ge20-5.idchb2az2.hb2.kwaidc.com
  rank      : 6 (local_rank: 6)
  exitcode  : -15 (pid: 14406)
  error_file: <N/A>
  traceback : Signal 15 (SIGTERM) received by PID 14406
[7]:
  time      : 2026-03-22_22:27:07
  host      : aiplatform-wlf2-ge20-5.idchb2az2.hb2.kwaidc.com
  rank      : 7 (local_rank: 7)
  exitcode  : -15 (pid: 14407)
  error_file: <N/A>
  traceback : Signal 15 (SIGTERM) received by PID 14407
------------------------------------------------------------
Root Cause (first observed failure):
[0]:
  time      : 2026-03-22_22:27:07
  host      : aiplatform-wlf2-ge20-5.idchb2az2.hb2.kwaidc.com
  rank      : 0 (local_rank: 0)
  exitcode  : 1 (pid: 14400)
  error_file: <N/A>
  traceback : To enable traceback see: https://pytorch.org/docs/stable/elastic/errors.html
============================================================
