Traceback (most recent call last):
  File "/ytech_m2v4_hdd/mengzijie/nips-text2subspace/scripts/train_domain_lora.py", line 15, in <module>
    from trl import SFTConfig, SFTTrainer
ModuleNotFoundError: No module named 'trl'
Traceback (most recent call last):
  File "/ytech_m2v4_hdd/mengzijie/nips-text2subspace/scripts/train_domain_lora.py", line 15, in <module>
    from trl import SFTConfig, SFTTrainer
ModuleNotFoundError: No module named 'trl'
W0322 22:25:59.279000 13053 torch/distributed/elastic/multiprocessing/api.py:1010] Sending process 13063 closing signal SIGTERM
W0322 22:25:59.280000 13053 torch/distributed/elastic/multiprocessing/api.py:1010] Sending process 13064 closing signal SIGTERM
W0322 22:25:59.281000 13053 torch/distributed/elastic/multiprocessing/api.py:1010] Sending process 13065 closing signal SIGTERM
W0322 22:25:59.281000 13053 torch/distributed/elastic/multiprocessing/api.py:1010] Sending process 13067 closing signal SIGTERM
W0322 22:25:59.282000 13053 torch/distributed/elastic/multiprocessing/api.py:1010] Sending process 13068 closing signal SIGTERM
W0322 22:25:59.282000 13053 torch/distributed/elastic/multiprocessing/api.py:1010] Sending process 13069 closing signal SIGTERM
W0322 22:25:59.283000 13053 torch/distributed/elastic/multiprocessing/api.py:1010] Sending process 13070 closing signal SIGTERM
E0322 22:25:59.413000 13053 torch/distributed/elastic/multiprocessing/api.py:984] failed (exitcode: 1) local_rank: 3 (pid: 13066) of binary: /ytech_m2v4_hdd/mengzijie/nips-text2subspace/.venv/bin/python3
Traceback (most recent call last):
  File "/ytech_m2v4_hdd/mengzijie/nips-text2subspace/.venv/bin/torchrun", line 10, in <module>
    sys.exit(main())
  File "/ytech_m2v4_hdd/mengzijie/nips-text2subspace/.venv/lib/python3.10/site-packages/torch/distributed/elastic/multiprocessing/errors/__init__.py", line 362, in wrapper
    return f(*args, **kwargs)
  File "/ytech_m2v4_hdd/mengzijie/nips-text2subspace/.venv/lib/python3.10/site-packages/torch/distributed/run.py", line 991, in main
    run(args)
  File "/ytech_m2v4_hdd/mengzijie/nips-text2subspace/.venv/lib/python3.10/site-packages/torch/distributed/run.py", line 982, in run
    elastic_launch(
  File "/ytech_m2v4_hdd/mengzijie/nips-text2subspace/.venv/lib/python3.10/site-packages/torch/distributed/launcher/api.py", line 170, in __call__
    return launch_agent(self._config, self._entrypoint, list(args))
  File "/ytech_m2v4_hdd/mengzijie/nips-text2subspace/.venv/lib/python3.10/site-packages/torch/distributed/launcher/api.py", line 317, in launch_agent
    raise ChildFailedError(
torch.distributed.elastic.multiprocessing.errors.ChildFailedError: 
============================================================
/ytech_m2v4_hdd/mengzijie/nips-text2subspace/scripts/train_domain_lora.py FAILED
------------------------------------------------------------
Failures:
[1]:
  time      : 2026-03-22_22:25:59
  host      : aiplatform-wlf2-ge20-5.idchb2az2.hb2.kwaidc.com
  rank      : 0 (local_rank: 0)
  exitcode  : -15 (pid: 13063)
  error_file: <N/A>
  traceback : Signal 15 (SIGTERM) received by PID 13063
[2]:
  time      : 2026-03-22_22:25:59
  host      : aiplatform-wlf2-ge20-5.idchb2az2.hb2.kwaidc.com
  rank      : 1 (local_rank: 1)
  exitcode  : -15 (pid: 13064)
  error_file: <N/A>
  traceback : Signal 15 (SIGTERM) received by PID 13064
[3]:
  time      : 2026-03-22_22:25:59
  host      : aiplatform-wlf2-ge20-5.idchb2az2.hb2.kwaidc.com
  rank      : 2 (local_rank: 2)
  exitcode  : -15 (pid: 13065)
  error_file: <N/A>
  traceback : Signal 15 (SIGTERM) received by PID 13065
[4]:
  time      : 2026-03-22_22:25:59
  host      : aiplatform-wlf2-ge20-5.idchb2az2.hb2.kwaidc.com
  rank      : 4 (local_rank: 4)
  exitcode  : -15 (pid: 13067)
  error_file: <N/A>
  traceback : Signal 15 (SIGTERM) received by PID 13067
[5]:
  time      : 2026-03-22_22:25:59
  host      : aiplatform-wlf2-ge20-5.idchb2az2.hb2.kwaidc.com
  rank      : 5 (local_rank: 5)
  exitcode  : -15 (pid: 13068)
  error_file: <N/A>
  traceback : Signal 15 (SIGTERM) received by PID 13068
[6]:
  time      : 2026-03-22_22:25:59
  host      : aiplatform-wlf2-ge20-5.idchb2az2.hb2.kwaidc.com
  rank      : 6 (local_rank: 6)
  exitcode  : -15 (pid: 13069)
  error_file: <N/A>
  traceback : Signal 15 (SIGTERM) received by PID 13069
[7]:
  time      : 2026-03-22_22:25:59
  host      : aiplatform-wlf2-ge20-5.idchb2az2.hb2.kwaidc.com
  rank      : 7 (local_rank: 7)
  exitcode  : -15 (pid: 13070)
  error_file: <N/A>
  traceback : Signal 15 (SIGTERM) received by PID 13070
------------------------------------------------------------
Root Cause (first observed failure):
[0]:
  time      : 2026-03-22_22:25:59
  host      : aiplatform-wlf2-ge20-5.idchb2az2.hb2.kwaidc.com
  rank      : 3 (local_rank: 3)
  exitcode  : 1 (pid: 13066)
  error_file: <N/A>
  traceback : To enable traceback see: https://pytorch.org/docs/stable/elastic/errors.html
============================================================
