Traceback (most recent call last):
  File "/ytech_m2v4_hdd/mengzijie/nips-text2subspace/scripts/train_domain_lora.py", line 15, in <module>
    from trl import SFTConfig, SFTTrainer
ModuleNotFoundError: No module named 'trl'
Traceback (most recent call last):
  File "/ytech_m2v4_hdd/mengzijie/nips-text2subspace/scripts/train_domain_lora.py", line 15, in <module>
    from trl import SFTConfig, SFTTrainer
ModuleNotFoundError: No module named 'trl'
W0322 22:26:09.226000 13312 torch/distributed/elastic/multiprocessing/api.py:1010] Sending process 13322 closing signal SIGTERM
W0322 22:26:09.227000 13312 torch/distributed/elastic/multiprocessing/api.py:1010] Sending process 13324 closing signal SIGTERM
W0322 22:26:09.227000 13312 torch/distributed/elastic/multiprocessing/api.py:1010] Sending process 13325 closing signal SIGTERM
W0322 22:26:09.228000 13312 torch/distributed/elastic/multiprocessing/api.py:1010] Sending process 13326 closing signal SIGTERM
W0322 22:26:09.228000 13312 torch/distributed/elastic/multiprocessing/api.py:1010] Sending process 13327 closing signal SIGTERM
W0322 22:26:09.229000 13312 torch/distributed/elastic/multiprocessing/api.py:1010] Sending process 13328 closing signal SIGTERM
W0322 22:26:09.229000 13312 torch/distributed/elastic/multiprocessing/api.py:1010] Sending process 13329 closing signal SIGTERM
E0322 22:26:09.376000 13312 torch/distributed/elastic/multiprocessing/api.py:984] failed (exitcode: 1) local_rank: 1 (pid: 13323) of binary: /ytech_m2v4_hdd/mengzijie/nips-text2subspace/.venv/bin/python3
Traceback (most recent call last):
  File "/ytech_m2v4_hdd/mengzijie/nips-text2subspace/.venv/bin/torchrun", line 10, in <module>
    sys.exit(main())
  File "/ytech_m2v4_hdd/mengzijie/nips-text2subspace/.venv/lib/python3.10/site-packages/torch/distributed/elastic/multiprocessing/errors/__init__.py", line 362, in wrapper
    return f(*args, **kwargs)
  File "/ytech_m2v4_hdd/mengzijie/nips-text2subspace/.venv/lib/python3.10/site-packages/torch/distributed/run.py", line 991, in main
    run(args)
  File "/ytech_m2v4_hdd/mengzijie/nips-text2subspace/.venv/lib/python3.10/site-packages/torch/distributed/run.py", line 982, in run
    elastic_launch(
  File "/ytech_m2v4_hdd/mengzijie/nips-text2subspace/.venv/lib/python3.10/site-packages/torch/distributed/launcher/api.py", line 170, in __call__
    return launch_agent(self._config, self._entrypoint, list(args))
  File "/ytech_m2v4_hdd/mengzijie/nips-text2subspace/.venv/lib/python3.10/site-packages/torch/distributed/launcher/api.py", line 317, in launch_agent
    raise ChildFailedError(
torch.distributed.elastic.multiprocessing.errors.ChildFailedError: 
============================================================
/ytech_m2v4_hdd/mengzijie/nips-text2subspace/scripts/train_domain_lora.py FAILED
------------------------------------------------------------
Failures:
[1]:
  time      : 2026-03-22_22:26:09
  host      : aiplatform-wlf2-ge20-5.idchb2az2.hb2.kwaidc.com
  rank      : 0 (local_rank: 0)
  exitcode  : -15 (pid: 13322)
  error_file: <N/A>
  traceback : Signal 15 (SIGTERM) received by PID 13322
[2]:
  time      : 2026-03-22_22:26:09
  host      : aiplatform-wlf2-ge20-5.idchb2az2.hb2.kwaidc.com
  rank      : 2 (local_rank: 2)
  exitcode  : -15 (pid: 13324)
  error_file: <N/A>
  traceback : Signal 15 (SIGTERM) received by PID 13324
[3]:
  time      : 2026-03-22_22:26:09
  host      : aiplatform-wlf2-ge20-5.idchb2az2.hb2.kwaidc.com
  rank      : 3 (local_rank: 3)
  exitcode  : -15 (pid: 13325)
  error_file: <N/A>
  traceback : Signal 15 (SIGTERM) received by PID 13325
[4]:
  time      : 2026-03-22_22:26:09
  host      : aiplatform-wlf2-ge20-5.idchb2az2.hb2.kwaidc.com
  rank      : 4 (local_rank: 4)
  exitcode  : -15 (pid: 13326)
  error_file: <N/A>
  traceback : Signal 15 (SIGTERM) received by PID 13326
[5]:
  time      : 2026-03-22_22:26:09
  host      : aiplatform-wlf2-ge20-5.idchb2az2.hb2.kwaidc.com
  rank      : 5 (local_rank: 5)
  exitcode  : -15 (pid: 13327)
  error_file: <N/A>
  traceback : Signal 15 (SIGTERM) received by PID 13327
[6]:
  time      : 2026-03-22_22:26:09
  host      : aiplatform-wlf2-ge20-5.idchb2az2.hb2.kwaidc.com
  rank      : 6 (local_rank: 6)
  exitcode  : -15 (pid: 13328)
  error_file: <N/A>
  traceback : Signal 15 (SIGTERM) received by PID 13328
[7]:
  time      : 2026-03-22_22:26:09
  host      : aiplatform-wlf2-ge20-5.idchb2az2.hb2.kwaidc.com
  rank      : 7 (local_rank: 7)
  exitcode  : -15 (pid: 13329)
  error_file: <N/A>
  traceback : Signal 15 (SIGTERM) received by PID 13329
------------------------------------------------------------
Root Cause (first observed failure):
[0]:
  time      : 2026-03-22_22:26:09
  host      : aiplatform-wlf2-ge20-5.idchb2az2.hb2.kwaidc.com
  rank      : 1 (local_rank: 1)
  exitcode  : 1 (pid: 13323)
  error_file: <N/A>
  traceback : To enable traceback see: https://pytorch.org/docs/stable/elastic/errors.html
============================================================
