2026-04-04 04:51:30,032 [INFO] Loading LoRA: math
2026-04-04 04:51:30,712 [INFO] Loading LoRA: code
2026-04-04 04:51:31,520 [INFO] Loading LoRA: medical
2026-04-04 04:51:32,312 [INFO] Loading LoRA: science
2026-04-04 04:51:33,114 [INFO] Loading LoRA: history
2026-04-04 04:51:33,715 [INFO] Loading LoRA: philosophy
2026-04-04 04:51:34,416 [INFO] Loaded 6 LoRAs: ['code', 'history', 'math', 'medical', 'philosophy', 'science']
2026-04-04 04:51:34,416 [INFO] Moving LoRAs to cuda...
2026-04-04 04:51:34,884 [INFO] Pre-computing fast SVDs...
2026-04-04 04:51:36,017 [INFO]   SVDs: 1.1s
2026-04-04 04:51:36,017 [INFO] ==================================================
2026-04-04 04:51:36,017 [INFO]   Phase 1: GrassMerge (15 pairs)
2026-04-04 04:51:36,017 [INFO] ==================================================
2026-04-04 04:51:36,017 [INFO]   [1/15] code+history
2026-04-04 04:52:47,182 [INFO]     1.3s, BGD=5.9542
2026-04-04 04:52:47,206 [INFO]   [2/15] code+math
2026-04-04 04:53:55,179 [INFO]     1.2s, BGD=6.2426
2026-04-04 04:53:55,206 [INFO]   [3/15] code+medical
2026-04-04 04:54:58,733 [INFO]     1.2s, BGD=6.1492
2026-04-04 04:54:58,763 [INFO]   [4/15] code+philosophy
2026-04-04 04:56:05,701 [INFO]     1.3s, BGD=5.9236
2026-04-04 04:56:05,734 [INFO]   [5/15] code+science
2026-04-04 04:57:09,830 [INFO]     1.3s, BGD=6.0968
2026-04-04 04:57:09,862 [INFO]   [6/15] history+math
2026-04-04 04:58:09,525 [INFO]     3.3s, BGD=6.1239
2026-04-04 04:58:09,552 [INFO]   [7/15] history+medical
2026-04-04 04:59:13,284 [INFO]     1.2s, BGD=5.9913
2026-04-04 04:59:13,312 [INFO]   [8/15] history+philosophy
2026-04-04 05:01:07,223 [INFO]     1.3s, BGD=5.0319
2026-04-04 05:01:07,249 [INFO]   [9/15] history+science
2026-04-04 05:02:07,410 [INFO]     1.3s, BGD=5.9531
2026-04-04 05:02:07,441 [INFO]   [10/15] math+medical
2026-04-04 05:03:55,137 [INFO]     1.2s, BGD=6.3294
2026-04-04 05:03:55,162 [INFO]   [11/15] math+philosophy
2026-04-04 05:04:56,249 [INFO]     3.7s, BGD=6.1224
2026-04-04 05:04:56,275 [INFO]   [12/15] math+science
2026-04-04 05:06:27,258 [INFO]     1.2s, BGD=6.2840
2026-04-04 05:06:27,282 [INFO]   [13/15] medical+philosophy
2026-04-04 05:07:43,008 [INFO]     1.2s, BGD=5.9926
2026-04-04 05:07:43,033 [INFO]   [14/15] medical+science
2026-04-04 05:08:47,468 [INFO]     1.2s, BGD=6.1441
2026-04-04 05:08:47,493 [INFO]   [15/15] philosophy+science
2026-04-04 05:10:43,377 [INFO]     1.2s, BGD=5.9128
2026-04-04 05:10:43,401 [INFO] ==================================================
2026-04-04 05:10:43,402 [INFO]   Phase 2: Baselines (15 pairs)
2026-04-04 05:10:43,402 [INFO] ==================================================
2026-04-04 05:10:43,402 [INFO]   Baseline: task_arithmetic
2026-04-04 05:32:26,513 [INFO]     task_arithmetic: 15 pairs done
2026-04-04 05:32:26,513 [INFO]   Baseline: ties_d0.5
