Traceback (most recent call last):
  File "/ytech_m2v4_hdd/mengzijie/nips-text2subspace/scripts/train_domain_lora.py", line 15, in <module>
    from trl import SFTConfig, SFTTrainer
ModuleNotFoundError: No module named 'trl'
Traceback (most recent call last):
  File "/ytech_m2v4_hdd/mengzijie/nips-text2subspace/scripts/train_domain_lora.py", line 15, in <module>
    from trl import SFTConfig, SFTTrainer
ModuleNotFoundError: No module named 'trl'
W0322 22:27:31.093000 14778 torch/distributed/elastic/multiprocessing/api.py:1010] Sending process 14788 closing signal SIGTERM
W0322 22:27:31.094000 14778 torch/distributed/elastic/multiprocessing/api.py:1010] Sending process 14790 closing signal SIGTERM
W0322 22:27:31.095000 14778 torch/distributed/elastic/multiprocessing/api.py:1010] Sending process 14791 closing signal SIGTERM
W0322 22:27:31.096000 14778 torch/distributed/elastic/multiprocessing/api.py:1010] Sending process 14792 closing signal SIGTERM
W0322 22:27:31.096000 14778 torch/distributed/elastic/multiprocessing/api.py:1010] Sending process 14793 closing signal SIGTERM
W0322 22:27:31.097000 14778 torch/distributed/elastic/multiprocessing/api.py:1010] Sending process 14794 closing signal SIGTERM
W0322 22:27:31.097000 14778 torch/distributed/elastic/multiprocessing/api.py:1010] Sending process 14795 closing signal SIGTERM
E0322 22:27:31.243000 14778 torch/distributed/elastic/multiprocessing/api.py:984] failed (exitcode: 1) local_rank: 1 (pid: 14789) of binary: /ytech_m2v4_hdd/mengzijie/nips-text2subspace/.venv/bin/python3
Traceback (most recent call last):
  File "/ytech_m2v4_hdd/mengzijie/nips-text2subspace/.venv/bin/torchrun", line 10, in <module>
    sys.exit(main())
  File "/ytech_m2v4_hdd/mengzijie/nips-text2subspace/.venv/lib/python3.10/site-packages/torch/distributed/elastic/multiprocessing/errors/__init__.py", line 362, in wrapper
    return f(*args, **kwargs)
  File "/ytech_m2v4_hdd/mengzijie/nips-text2subspace/.venv/lib/python3.10/site-packages/torch/distributed/run.py", line 991, in main
    run(args)
  File "/ytech_m2v4_hdd/mengzijie/nips-text2subspace/.venv/lib/python3.10/site-packages/torch/distributed/run.py", line 982, in run
    elastic_launch(
  File "/ytech_m2v4_hdd/mengzijie/nips-text2subspace/.venv/lib/python3.10/site-packages/torch/distributed/launcher/api.py", line 170, in __call__
    return launch_agent(self._config, self._entrypoint, list(args))
  File "/ytech_m2v4_hdd/mengzijie/nips-text2subspace/.venv/lib/python3.10/site-packages/torch/distributed/launcher/api.py", line 317, in launch_agent
    raise ChildFailedError(
torch.distributed.elastic.multiprocessing.errors.ChildFailedError: 
============================================================
/ytech_m2v4_hdd/mengzijie/nips-text2subspace/scripts/train_domain_lora.py FAILED
------------------------------------------------------------
Failures:
[1]:
  time      : 2026-03-22_22:27:31
  host      : aiplatform-wlf2-ge20-5.idchb2az2.hb2.kwaidc.com
  rank      : 0 (local_rank: 0)
  exitcode  : -15 (pid: 14788)
  error_file: <N/A>
  traceback : Signal 15 (SIGTERM) received by PID 14788
[2]:
  time      : 2026-03-22_22:27:31
  host      : aiplatform-wlf2-ge20-5.idchb2az2.hb2.kwaidc.com
  rank      : 2 (local_rank: 2)
  exitcode  : -15 (pid: 14790)
  error_file: <N/A>
  traceback : Signal 15 (SIGTERM) received by PID 14790
[3]:
  time      : 2026-03-22_22:27:31
  host      : aiplatform-wlf2-ge20-5.idchb2az2.hb2.kwaidc.com
  rank      : 3 (local_rank: 3)
  exitcode  : -15 (pid: 14791)
  error_file: <N/A>
  traceback : Signal 15 (SIGTERM) received by PID 14791
[4]:
  time      : 2026-03-22_22:27:31
  host      : aiplatform-wlf2-ge20-5.idchb2az2.hb2.kwaidc.com
  rank      : 4 (local_rank: 4)
  exitcode  : -15 (pid: 14792)
  error_file: <N/A>
  traceback : Signal 15 (SIGTERM) received by PID 14792
[5]:
  time      : 2026-03-22_22:27:31
  host      : aiplatform-wlf2-ge20-5.idchb2az2.hb2.kwaidc.com
  rank      : 5 (local_rank: 5)
  exitcode  : -15 (pid: 14793)
  error_file: <N/A>
  traceback : Signal 15 (SIGTERM) received by PID 14793
[6]:
  time      : 2026-03-22_22:27:31
  host      : aiplatform-wlf2-ge20-5.idchb2az2.hb2.kwaidc.com
  rank      : 6 (local_rank: 6)
  exitcode  : -15 (pid: 14794)
  error_file: <N/A>
  traceback : Signal 15 (SIGTERM) received by PID 14794
[7]:
  time      : 2026-03-22_22:27:31
  host      : aiplatform-wlf2-ge20-5.idchb2az2.hb2.kwaidc.com
  rank      : 7 (local_rank: 7)
  exitcode  : -15 (pid: 14795)
  error_file: <N/A>
  traceback : Signal 15 (SIGTERM) received by PID 14795
------------------------------------------------------------
Root Cause (first observed failure):
[0]:
  time      : 2026-03-22_22:27:31
  host      : aiplatform-wlf2-ge20-5.idchb2az2.hb2.kwaidc.com
  rank      : 1 (local_rank: 1)
  exitcode  : 1 (pid: 14789)
  error_file: <N/A>
  traceback : To enable traceback see: https://pytorch.org/docs/stable/elastic/errors.html
============================================================
